c:\users\moshe\check code\project mfc c++ opengl\opengl\debug\opengl.pch
c:\users\moshe\check code\project mfc c++ opengl\opengl\debug\vc141.pdb
c:\users\moshe\check code\project mfc c++ opengl\opengl\debug\vc141.idb
c:\users\moshe\check code\project mfc c++ opengl\opengl\debug\stdafx.obj
c:\users\moshe\check code\project mfc c++ opengl\opengl\debug\opengl.obj
c:\users\moshe\check code\project mfc c++ opengl\opengl\debug\opengldlg.obj
c:\users\moshe\check code\project mfc c++ opengl\opengl\debug\glview.obj
c:\users\moshe\check code\project mfc c++ opengl\debug\opengl.exe
c:\users\moshe\check code\project mfc c++ opengl\debug\opengl.ilk
c:\users\moshe\check code\project mfc c++ opengl\debug\opengl.pdb
c:\users\moshe\check code\project mfc c++ opengl\opengl\debug\opengl.res
c:\users\moshe\check code\project mfc c++ opengl\opengl\debug\opengl.tlog\cl.command.1.tlog
c:\users\moshe\check code\project mfc c++ opengl\opengl\debug\opengl.tlog\cl.read.1.tlog
c:\users\moshe\check code\project mfc c++ opengl\opengl\debug\opengl.tlog\cl.write.1.tlog
c:\users\moshe\check code\project mfc c++ opengl\opengl\debug\opengl.tlog\link.command.1.tlog
c:\users\moshe\check code\project mfc c++ opengl\opengl\debug\opengl.tlog\link.read.1.tlog
c:\users\moshe\check code\project mfc c++ opengl\opengl\debug\opengl.tlog\link.write.1.tlog
c:\users\moshe\check code\project mfc c++ opengl\opengl\debug\opengl.tlog\rc.command.1.tlog
c:\users\moshe\check code\project mfc c++ opengl\opengl\debug\opengl.tlog\rc.read.1.tlog
c:\users\moshe\check code\project mfc c++ opengl\opengl\debug\opengl.tlog\rc.write.1.tlog
